%%RANGE  1) GPS Time(ms) 2) SVID  3) Pseudorange (m)  4) SVID  5) Pseudorange ...
%%CLOCK  1) GPS Time(ms) 2) ClockBias(nsec) 3) ClkDrift(nsec/sec) 4) TimeAccuracyEstimate(nsec) 5) FreqAccuracyEstimate(ps/s)
RANGE	137443	9	18942319.452	8	17808013.261	23	17235253.813	23	20296984.497	27	19303081.842	18	20991844.053	22	20699688.464	28	21372670.310	16	21926797.551	14	18787624.238	4	20035061.573	7	18623756.862	24	18230764.415	11	20432089.344	17	21919277.031	1	22255467.656	12	20774534.714	13	17585671.311	3	20885265.993
CARRIER	137443	9	99542545.507	8	93581769.776	23	92196948.096	23	106661382.181	27	101438435.370	18	110312889.072	22	110496267.553	28	112314138.440	16	115226098.483	14	100148550.482	4	107286804.102	7	97868546.770	24	97488035.448	11	107371370.749	17	117294451.698	1	116953278.095	12	110973770.811	13	93906434.207	3	111800441.750
DOPPLER	137443.992	9	-2156.599	8	-632.620	23	-330.349	23	-3466.500	27	-2887.320	18	2991.364	22	-3996.665	28	1775.433	16	-2943.812	14	2079.327	4	-1623.981	7	1957.645	24	3296.356	11	3111.568	17	4366.672	1	3179.305	12	-2605.965	13	-223.469	3	-3719.907Position	137444000	654600.180000000051	-5210213.150000000373	3608386.430000000168	333	111	18
Velocity	137444000	0.020000000000	0.080000000000	-0.020000000000	27	111	18
RANGE	137444	9	18942729.637	8	17808133.868	23	17235315.674	23	20297645.624	27	19303639.638	18	20991275.429	22	20700440.533	28	21372332.387	16	21927359.021	14	18787233.257	4	20035365.242	7	18623386.028	24	18230148.273	11	20431496.743	17	21918457.691	1	22254865.475	12	20775020.249	13	17585711.508	3	20885962.623
CARRIER	137444	9	99544702.344	8	93582402.834	23	92197278.952	23	106664849.012	27	101441322.991	18	110309898.167	22	110500281.946	28	112312363.454	16	115229048.857	14	100146466.428	4	107288428.629	7	97866589.061	24	97484739.672	11	107368259.288	17	117290067.479	1	116950098.320	12	110976365.031	13	93906648.243	3	111804162.119
DOPPLER	137444.992	9	-2157.817	8	-634.172	23	-331.893	23	-3467.563	27	-2888.444	18	2990.521	22	-4000.060	28	1774.176	16	-2953.210	14	2077.400	4	-1625.524	7	1956.291	24	3295.388	11	3110.502	17	4365.152	1	3179.288	12	-2590.627	13	-213.646	3	-3721.488Position	137445000	654600.250000000000	-5210213.169999999925	3608386.430000000168	331	111	18
Velocity	137445000	0.050000000000	0.100000000000	-0.040000000000	28	111	18
RANGE	137445	9	18943140.354	8	17808254.432	23	17235377.788	23	20298305.784	27	19304189.180	18	20990703.698	22	20701192.507	28	21371994.891	16	21927922.663	14	18786844.684	4	20035669.295	7	18623012.863	24	18229532.290	11	20430905.041	17	21917641.614	1	22254260.598	12	20775507.616	13	17585750.378	3	20886660.562
CARRIER	137445	9	99546861.005	8	93583037.808	23	92197612.134	23	106668317.272	27	101444212.385	18	110306908.808	22	110504296.084	28	112310589.873	16	115232010.408	14	100144395.035	4	107290055.123	7	97864632.943	24	97481445.912	11	107365149.163	17	117285700.715	1	116946919.675	12	110978967.813	13	93906856.286	3	111807883.907
DOPPLER	137445.992	9	-2158.740	8	-635.165	23	-333.567	23	-3468.658	27	-2889.827	18	2989.246	22	-4016.042	28	1773.462	16	-2953.684	14	2069.967	4	-1627.185	7	1955.196	24	3293.462	11	3110.567	17	4366.809	1	3178.129	12	-2616.674	13	-208.043	3	-3722.251Position	137446000	654600.239999999991	-5210213.469999999739	3608386.509999999776	326	111	18
Velocity	137446000	0.000000000000	0.050000000000	-0.020000000000	26	111	18
RANGE	137446	9	18943551.036	8	17808374.812	23	17235440.565	23	20298966.047	27	19304739.298	18	20990139.289	22	20701946.958	28	21371657.770	16	21928486.706	4	20035973.225	7	18622640.415	24	18228916.288	11	20430313.845	17	21916828.286	1	22253657.859	12	20775997.601	13	17585790.331	3	20887359.618
CARRIER	137446	9	99549020.092	8	93583673.254	23	92197946.107	23	106671785.677	27	101447101.992	18	110303919.402	22	110508323.124	28	112308816.375	16	115234975.092	4	107291682.154	7	97862634.903	24	97478152.626	11	107362039.370	17	117281348.414	1	116943740.911	12	110981585.489	13	93907069.260	3	111811605.102
DOPPLER	137446.992	9	-2160.037	8	-636.312	23	-334.805	23	-3468.996	27	-2890.464	18	2988.687	22	-4016.042	28	1772.870	16	-2953.684	4	-1627.920	7	1956.067	24	3292.666	11	3109.032	17	4365.367	1	3178.504	12	-2616.674	13	-208.127	3	-3722.335Position	137447000	654600.209999999963	-5210213.599999999627	3608386.609999999870	326	115	17
Velocity	137447000	-0.010000000000	0.000000000000	-0.010000000000	20	115	17
RANGE	137447	9	18943961.945	8	17808495.786	23	17235503.194	23	20299625.701	27	19305288.980	18	20989567.515	22	20702701.183	28	21371320.527	16	21929050.226	4	20036277.330	7	18622269.196	24	18228300.531	11	20429722.291	17	21916013.527	1	22253049.029	12	20776488.266	13	17585830.606	3	20888053.770
CARRIER	137447	9	99551179.801	8	93584309.476	23	92198281.181	23	106675254.468	27	101449992.104	18	110300930.214	22	110512349.721	28	112307043.182	16	115237936.152	4	107293310.094	7	97860684.384	24	97474860.117	11	107358929.809	17	117276988.057	1	116940562.143	12	110984206.164	13	93907284.201	3	111815327.019
DOPPLER	137447.992	9	-2159.749	8	-636.333	23	-335.142	23	-3468.457	27	-2889.075	18	2990.112	22	-4004.906	28	1773.834	16	-2948.581	4	-1627.850	7	1954.942	24	3292.495	11	3110.190	17	4365.367	1	3179.156	12	-2616.674	13	-217.408	3	-3721.597Position	137448000	654600.199999999953	-5210213.629999999888	3608386.740000000224	325	122	16
Velocity	137448000	0.000000000000	-0.020000000000	0.000000000000	29	122	16
RANGE	137448	9	18944372.348	8	17808616.646	23	17235565.927	23	20300285.502	27	19305833.942	18	20988998.350	22	20703453.444	28	21370983.005	16	21929612.280	4	20036581.208	7	18621895.674	24	18227684.713	11	20429130.851	17	21915197.912	1	22252441.971	12	20776977.666	13	17585872.303	3	20888747.486
CARRIER	137448	9	99553338.818	8	93584945.160	23	92198615.942	23	106678722.357	27	101452881.531	18	110297940.031	22	110516365.628	28	112305268.940	16	115240890.033	4	107294937.568	7	97858727.950	24	97471566.950	11	107355818.770	17	117272623.701	1	116937382.072	12	110986820.840	13	93907506.997	3	111819073.889
DOPPLER	137448.992	9	-2158.573	8	-635.152	23	-333.778	23	-3467.244	27	-2889.260	18	2991.584	22	-4004.906	28	1774.585	16	-2947.396	4	-1627.403	7	1956.684	24	3293.868	11	3111.223	17	4365.367	1	3181.135	12	-2616.674	13	-224.206	3	-3721.851Position	137449000	654600.189999999944	-5210213.700000000186	3608386.879999999888	325	122	16
Velocity	137449000	-0.020000000000	-0.090000000000	0.000000000000	30	122	16
RANGE	137449	9	18944783.021	8	17808737.951	23	17235628.504	23	20300945.391	27	19306385.011	18	20988429.412	28	21370645.405	16	21930173.837	4	20036884.187	7	18621530.284	24	18227068.973	11	20428539.324	17	21914382.062	1	22251837.775	13	17585915.030	3	20889442.598
CARRIER	137449	9	99555497.569	8	93585580.676	23	92198950.901	23	106682189.595	27	101455770.498	18	110294949.250	28	112303494.038	16	115243840.879	4	107296564.877	7	97856770.986	24	97468273.604	11	107352707.743	17	117268258.003	1	116934201.162	13	93907734.762	3	111822794.747
DOPPLER	137449.992	9	-2158.887	8	-635.847	23	-334.901	23	-3466.873	27	-2889.382	18	2990.610	28	1775.116	16	-2949.943	4	-1628.343	7	1956.918	24	3293.237	11	3111.025	17	4364.898	1	3180.729	13	-214.606	3	-3721.732Position	137450000	654600.170000000042	-5210213.799999999814	3608386.950000000186	328	122	16
Velocity	137450000	-0.020000000000	-0.080000000000	0.010000000000	31	122	16
RANGE	137450	9	18945194.061	8	17808859.265	23	17235691.761	23	20301605.210	27	19306938.349	18	20987861.311	28	21370307.883	16	21930737.618	4	20037189.479	7	18621164.397	24	18226453.364	11	20427947.726	17	21913565.758	1	22251235.742	13	17585956.998	3	20890140.223
CARRIER	137450	9	99557657.648	8	93586217.591	23	92199287.607	23	106685657.902	27	101458660.710	18	110291959.376	28	112301720.119	16	115246803.763	4	107298193.766	7	97854815.124	24	97464981.584	11	107349597.734	17	117263889.594	1	116931020.931	13	93907959.648	3	111826529.063
DOPPLER	137450.992	9	-2160.214	8	-637.527	23	-336.652	23	-3468.397	27	-2890.637	18	2990.470	28	1773.682	16	-2961.074	4	-1629.289	7	1955.669	24	3292.063	11	3109.741	17	4367.248	1	3180.004	13	-215.020	3	-3728.998Position	137451000	654600.109999999986	-5210213.919999999925	3608387.120000000112	330	130	14
Velocity	137451000	0.010000000000	0.000000000000	0.030000000000	20	130	14
RANGE	137451	9	18945604.412	8	17808980.117	23	17235754.582	23	20302264.488	27	19307486.381	18	20987291.919	22	20705703.772	28	21369969.924	16	21931301.679	4	20037494.273	7	18620785.806	24	18225837.834	11	20427356.400	17	21912747.457	1	22250628.859	13	17585996.566	3	20890834.035
CARRIER	137451	9	99559816.714	8	93586853.648	23	92199623.720	23	106689124.937	27	101461549.750	18	110288968.132	22	110528377.754	28	112299944.872	16	115249768.086	4	107299821.683	7	97852858.103	24	97461688.586	11	107346486.502	17	117259510.827	1	116927839.013	13	93908170.661	3	111830242.773
DOPPLER	137451.992	9	-2158.173	8	-634.892	23	-335.343	23	-3465.478	27	-2887.923	18	2992.583	22	-4004.241	28	1776.416	16	-2947.698	4	-1627.344	7	1958.083	24	3293.758	11	3112.155	17	4359.087	1	3184.000	13	-221.388	3	-3718.338Position	137452000	654600.030000000028	-5210214.209999999963	3608387.299999999814	326	132	15
Velocity	137452000	-0.020000000000	-0.120000000000	0.000000000000	28	132	15
RANGE	137452	9	18946014.719	8	17809101.160	23	17235817.455	23	20302923.809	27	19308034.728	18	20986722.388	22	20706455.946	28	21369631.556	16	21931862.896	4	20037801.964	7	18620413.305	24	18225222.077	11	20426764.043	17	21911928.928	1	22250021.687	13	17586036.981	3	20891532.384
CARRIER	137452	9	99561974.591	8	93587488.566	23	92199959.067	23	106692590.465	27	101464437.537	18	110285975.320	22	110532392.518	28	112298168.047	16	115252716.781	4	107301448.570	7	97850899.548	24	97458394.499	11	107343373.610	17	117255131.057	1	116924655.302	13	93908386.378	3	111833981.772
DOPPLER	137452.992	9	-2158.577	8	-635.229	23	-336.164	23	-3465.947	27	-2888.950	18	2992.472	22	-4004.973	28	1776.428	16	-2949.385	4	-1627.241	7	1957.656	24	3293.040	11	3112.530	17	4367.556	1	3183.483	13	-215.067	3	-3717.455Position	137453000	654599.989999999991	-5210214.530000000261	3608387.410000000149	321	124	16
Velocity	137453000	-0.010000000000	-0.120000000000	0.020000000000	27	124	16
RANGE	137453	9	18946425.619	8	17809222.744	23	17235880.310	23	20303583.331	27	19308589.331	18	20986152.943	22	20707208.068	28	21369293.580	16	21932422.184	4	20038103.164	7	18620038.352	24	18224606.233	11	20426171.748	17	21911113.549	1	22249416.915	13	17586075.886	3	20892227.435
CARRIER	137453	9	99564133.210	8	93588124.392	23	92200295.618	23	106696056.506	27	101467325.872	18	110282982.846	22	110536407.753	28	112296391.601	16	115255655.822	4	107303076.414	7	97848941.547	24	97455101.213	11	107340261.267	17	117250767.562	1	116921471.740	13	93908594.081	3	111837701.939
DOPPLER	137453.992	9	-2158.577	8	-635.881	23	-336.570	23	-3465.486	27	-2888.178	18	2992.864	22	-4001.528	28	1776.947	16	-2948.686	4	-1627.949	7	1958.887	24	3293.548	11	3112.971	17	4370.444	1	3183.663	13	-214.340	3	-3718.687Position	137454000	654599.920000000042	-5210214.900000000373	3608387.459999999963	317	124	16
Velocity	137454000	0.000000000000	-0.080000000000	0.010000000000	26	124	16
RANGE	137454	9	18946836.423	8	17809343.727	23	17235943.280	23	20304242.470	27	19309136.492	18	20985583.394	22	20707959.090	28	21368955.403	16	21932981.917	4	20038405.297	7	18619661.226	24	18223990.641	11	20425579.540	17	21910297.333	1	22248809.962	13	17586116.501	3	20892922.861
CARRIER	137454	9	99566291.619	8	93588760.004	23	92200632.305	23	106699521.896	27	101470213.318	18	110279989.728	22	110540416.398	28	112294614.461	16	115258597.541	4	107304704.137	7	97846982.997	24	97451807.734	11	107337148.168	17	117246399.390	1	116918287.184	13	93908810.603	3	111841424.597
DOPPLER	137454.992	9	-2158.374	8	-635.704	23	-336.926	23	-3465.093	27	-2887.621	18	2993.327	22	-4005.887	28	1777.350	16	-2941.584	4	-1627.780	7	1958.661	24	3293.247	11	3113.439	17	4370.429	1	3184.521	13	-212.791	3	-3718.564Position	137455000	654599.839999999967	-5210215.150000000373	3608387.459999999963	313	124	16
Velocity	137455000	-0.010000000000	-0.070000000000	-0.010000000000	27	124	16
RANGE	137455	9	18947246.774	8	17809464.674	23	17236006.493	23	20304902.036	27	19309680.511	18	20985013.697	22	20708710.497	28	21368616.738	16	21933545.611	4	20038708.137	7	18619288.594	24	18223374.518	11	20424987.192	17	21909479.074	1	22248203.977	13	17586158.801	3	20893620.442
CARRIER	137455	9	99568450.128	8	93589395.854	23	92200969.569	23	106702987.197	27	101473101.335	18	110276996.381	22	110544427.944	28	112292837.105	16	115261559.414	4	107306332.186	7	97845024.449	24	97448514.446	11	107334035.073	17	117242021.241	1	116915102.273	13	93909036.539	3	111845158.842
DOPPLER	137455.992	9	-2158.590	8	-635.747	23	-337.542	23	-3464.971	27	-2888.040	18	2993.781	22	-3996.013	28	1777.893	16	-2948.798	4	-1628.440	7	1959.517	24	3293.550	11	3113.751	17	4371.228	1	3185.986	13	-215.057	3	-3717.094Position	137456000	654599.729999999981	-5210215.339999999851	3608387.490000000224	312	132	15
Velocity	137456000	-0.030000000000	-0.060000000000	0.020000000000	28	132	15
RANGE	137456	9	18947657.063	8	17809585.700	23	17236069.523	23	20305560.729	27	19310232.548	18	20984444.148	22	20709458.684	28	21368278.370	16	21934106.872	4	20039012.556	7	18618921.791	24	18222758.377	11	20424394.391	17	21908660.432	1	22247597.695	13	17586197.811	3	20894312.937
CARRIER	137456	9	99570608.927	8	93590032.122	23	92201307.580	23	106706452.516	27	101475989.511	18	110274003.074	22	110548421.863	28	112291059.766	16	115264509.400	4	107307960.763	7	97843066.019	24	97445221.505	11	107330921.914	17	117237640.388	1	116911917.009	13	93909245.316	3	111848865.855
DOPPLER	137456.992	9	-2158.843	8	-636.526	23	-338.590	23	-3465.142	27	-2886.904	18	2992.922	22	-3995.867	28	1777.344	16	-2948.623	4	-1628.600	7	1958.223	24	3292.644	11	3113.166	17	4370.675	1	3185.737	13	-214.966	3	-3716.815Position	137457000	654599.670000000042	-5210215.480000000447	3608387.479999999981	310	124	16
Velocity	137457000	0.000000000000	-0.040000000000	0.010000000000	28	124	16
RANGE	137457	9	18948067.711	8	17809706.866	23	17236132.737	23	20306219.667	27	19310783.626	18	20983874.224	22	20710207.961	28	21367939.670	16	21934667.338	14	18782161.927	4	20039317.402	7	18618544.151	24	18222142.445	11	20423802.261	17	21907838.928	1	22246991.457	13	17586238.845	3	20895005.684
CARRIER	137457	9	99572768.076	8	93590668.832	23	92201646.307	23	106709917.847	27	101478877.882	18	110271009.611	22	110552421.227	28	112289282.375	16	115267453.915	14	100119432.977	4	107309589.835	7	97841107.579	24	97441928.952	11	107327808.830	17	117233243.823	1	116908731.475	13	93909464.638	3	111852573.940
DOPPLER	137457.992	9	-2159.393	8	-637.184	23	-339.095	23	-3465.434	27	-2887.866	18	2993.207	22	-4002.297	28	1777.197	16	-2938.882	14	2087.010	4	-1629.435	7	1958.946	24	3292.179	11	3112.557	17	4371.250	1	3185.726	13	-214.227	3	-3715.181Position	137458000	654599.599999999977	-5210215.629999999888	3608387.470000000205	307	132	15
Velocity	137458000	-0.010000000000	-0.030000000000	0.010000000000	28	132	15
RANGE	137458	9	18948478.733	8	17809828.197	23	17236196.255	23	20306879.058	27	19311333.858	18	20983304.623	22	20710957.300	28	21367601.650	16	21935227.280	14	18781771.627	4	20039621.542	7	18618172.252	24	18221526.889	11	20423209.870	17	21907021.595	1	22246385.262	13	17586277.645	3	20895701.101
CARRIER	137458	9	99574928.108	8	93591306.554	23	92201986.397	23	106713383.817	27	101481767.121	18	110268016.753	22	110556421.356	28	112287505.541	16	115270396.374	14	100117352.229	4	107311219.960	7	97839155.241	24	97438637.267	11	107324696.320	17	117228870.956	1	116905546.168	13	93909671.906	3	111856296.478
DOPPLER	137458.992	9	-2160.955	8	-638.261	23	-340.991	23	-3466.381	27	-2889.490	18	2992.294	22	-3998.369	28	1776.672	16	-2952.840	14	2085.944	4	-1630.397	7	1958.855	24	3291.676	11	3112.255	17	4370.667	1	3185.495	13	-221.017	3	-3718.146Position	137459000	654599.540000000037	-5210215.709999999963	3608387.490000000224	306	123	16
Velocity	137459000	0.020000000000	0.050000000000	0.010000000000	26	123	16
RANGE	137459	9	18948889.572	8	17809949.947	23	17236260.210	23	20307538.249	27	19311883.697	18	20982734.838	22	20711706.638	28	21367263.369	16	21935786.272	14	18781381.527	4	20039926.136	7	18617799.829	24	18220911.402	11	20422617.706	17	21906202.587	1	22245779.243	13	17586316.812	3	20896394.364
CARRIER	137459	9	99577088.655	8	93591944.974	23	92202327.489	23	106716850.011	27	101484656.749	18	110265023.942	22	110560421.220	28	112285728.904	16	115273334.778	14	100115273.278	4	107312850.852	7	97837197.804	24	97435346.332	11	107321584.051	17	117224499.707	1	116902360.855	13	93909880.998	3	111860014.040
DOPPLER	137459.992	9	-2160.333	8	-638.325	23	-341.177	23	-3465.739	27	-2888.860	18	2993.253	22	-4007.789	28	1777.264	16	-2952.422	14	2085.944	4	-1630.535	7	1961.896	24	3291.740	11	3112.491	17	4372.349	1	3185.528	13	-215.281	3	-3717.240Position	137460000	654599.469999999972	-5210215.969999999739	3608387.500000000000	303	123	16
Velocity	137460000	0.000000000000	-0.020000000000	-0.020000000000	20	123	16
RANGE	137460	9	18949300.586	8	17810071.383	23	17236324.052	23	20308198.190	27	19312433.387	18	20982165.028	22	20712458.376	28	21366925.297	16	21936344.906	14	18780990.005	4	20040230.912	7	18617428.305	24	18220295.933	11	20422025.506	17	21905387.469	1	22245172.909	12	20782823.751	13	17586356.311	3	20897089.048
CARRIER	137460	9	99579249.430	8	93592583.602	23	92202669.148	23	106720316.083	27	101487546.386	18	110262031.042	22	110564434.402	28	112283952.006	16	115276269.747	14	100113186.328	4	107314481.999	7	97835245.117	24	97432055.652	11	107318471.597	17	117220128.259	1	116899174.958	12	111018049.515	13	93910091.303	3	111863731.329
DOPPLER	137460.992	9	-2160.833	8	-638.770	23	-342.507	23	-3466.030	27	-2890.268	18	2992.858	22	-4002.806	28	1776.959	16	-2936.879	14	2085.944	4	-1631.224	7	1951.326	24	3290.546	11	3112.813	17	4371.277	1	3186.405	12	-2604.000	13	-219.155	3	-3716.583Position	137461000	654599.420000000042	-5210216.139999999665	3608387.500000000000	301	123	16
Velocity	137461000	0.010000000000	0.000000000000	-0.010000000000	17	123	16
RANGE	137461	9	18949711.774	8	17810192.558	23	17236388.225	23	20308858.087	27	19312983.383	18	20981595.549	22	20713211.152	28	21366587.077	16	21936903.635	4	20040535.872	7	18617057.540	24	18219680.691	11	20421433.290	17	21904568.810	1	22244566.348	12	20783312.479	13	17586395.722	3	20897779.640
CARRIER	137461	9	99581410.694	8	93593222.842	23	92203011.689	23	106723782.449	27	101490436.437	18	110259038.295	22	110568452.545	28	112282175.278	16	115279206.188	4	107316113.914	7	97833296.960	24	97428765.484	11	107315359.224	17	117215745.508	1	116895989.022	12	111020660.012	13	93910301.844	3	111867448.893
DOPPLER	137461.992	9	-2161.549	8	-639.297	23	-342.805	23	-3466.208	27	-2891.113	18	2993.739	22	-4013.492	28	1777.100	16	-2949.662	4	-1631.730	7	1948.212	24	3289.809	11	3112.807	17	4371.978	1	3186.601	12	-2614.688	13	-205.250	3	-3717.501Position	137462000	654599.380000000005	-5210216.410000000149	3608387.540000000037	298	123	16
Velocity	137462000	0.000000000000	-0.030000000000	-0.010000000000	23	123	16
RANGE	137462	9	18950123.180	8	17810314.378	23	17236452.800	23	20309517.723	27	19313537.140	18	20981025.703	22	20713961.616	28	21366249.084	16	21937464.756	4	20040841.094	7	18616685.772	24	18219065.570	11	20420841.134	17	21903751.337	1	22243959.682	12	20783801.024	13	17586431.809	3	20898473.322
CARRIER	137462	9	99583572.244	8	93593862.540	23	92203355.055	23	106727248.795	27	101493322.285	18	110256045.403	22	110572459.067	28	112280398.569	16	115282155.022	4	107317746.389	7	97831343.339	24	97425475.800	11	107312247.076	17	117211370.747	1	116892802.740	12	111023269.984	13	93910495.096	3	111871166.302
DOPPLER	137462.992	9	-2162.052	8	-640.133	23	-343.698	23	-3467.230	27	-2891.341	18	2992.741	22	-3995.204	28	1776.117	16	-2947.156	4	-1632.703	7	1959.478	24	3289.091	11	3112.440	17	4372.333	1	3185.805	12	-2606.065	13	-205.250	3	-3717.826Position	137463000	654599.380000000005	-5210216.610000000335	3608387.529999999795	296	123	16
Velocity	137463000	0.010000000000	-0.040000000000	0.000000000000	25	123	16
RANGE	137463	9	18950534.735	8	17810436.032	23	17236517.113	23	20310178.074	27	19314089.404	18	20980456.137	22	20714713.913	28	21365911.100	16	21938025.554	4	20041146.159	7	18616313.673	24	18218450.485	11	20420249.441	17	21902930.426	1	22243353.052	12	20784290.232	13	17586472.686	3	20899165.607
CARRIER	137463	9	99585734.880	8	93594503.431	23	92203699.902	23	106730715.870	27	101496213.427	18	110253053.230	22	110576474.074	28	112278622.547	16	115285102.251	4	107319380.062	7	97829387.865	24	97422187.219	11	107309135.669	17	117206977.553	1	116889616.983	12	111025882.737	13	93910713.386	3	111874884.337
DOPPLER	137463.992	9	-2163.169	8	-641.518	23	-345.566	23	-3467.738	27	-2892.264	18	2991.941	22	-4004.757	28	1775.055	16	-2932.639	4	-1634.352	7	1959.478	24	3287.894	11	3111.060	17	4374.957	1	3185.678	12	-2600.749	13	-220.086	3	-3718.478Position	137464000	654599.359999999986	-5210216.730000000447	3608387.520000000019	294	123	16
Velocity	137464000	0.010000000000	0.020000000000	0.010000000000	25	123	16
RANGE	137464	9	18950946.752	8	17810558.323	23	17236582.010	23	20310838.486	27	19314643.710	18	20979886.710	22	20715465.598	28	21365573.202	16	21938582.172	4	20041451.660	24	18217835.976	11	20419657.460	17	21902111.706	1	22242746.910	12	20784777.224	3	20899852.273
CARRIER	137464	9	99587899.108	8	93595145.957	23	92204046.777	23	106734184.266	27	101499137.150	18	110250062.262	22	110580486.918	28	112276847.691	16	115288026.893	4	107321015.477	24	97418900.262	11	107306025.499	17	117202596.890	1	116886432.124	12	111028484.116	3	111878603.505
DOPPLER	137464.992	9	-2165.074	8	-643.172	23	-347.262	23	-3469.241	27	-2894.686	18	2990.483	22	-3999.538	28	1774.103	16	-2932.639	4	-1636.198	24	3286.593	11	3109.742	17	4366.138	1	3184.886	12	-2606.010	3	-3719.754Position	137465000	654599.380000000005	-5210216.809999999590	3608387.509999999776	292	123	16
Velocity	137465000	0.040000000000	0.080000000000	0.010000000000	26	123	16
RANGE	137465	9	18951358.857	8	17810681.330	23	17236646.707	23	20311498.462	27	19315196.647	18	20979317.318	22	20716218.375	28	21365235.794	16	21939138.031	4	20041757.536	24	18217221.143	11	20419065.915	17	21901293.273	1	22242140.820	12	20785268.718	13	17586555.680	3	20900549.095
CARRIER	137465	9	99590064.229	8	93595789.522	23	92204395.008	23	106737653.235	27	101502030.503	18	110247071.799	22	110584505.285	28	112275073.395	16	115290947.534	4	107322651.954	24	97415614.293	11	107302915.963	17	117198216.793	1	116883247.582	12	111031109.741	13	93911156.126	3	111882323.238
DOPPLER	137465.992	9	-2165.973	8	-644.047	23	-348.342	23	-3469.101	27	-2894.109	18	2990.134	22	-4007.240	28	1774.084	16	-2932.639	4	-1636.879	24	3285.718	11	3109.194	17	4369.738	1	3184.331	12	-2608.687	13	-223.468	3	-3720.559Position	137466000	654599.400000000023	-5210216.879999999888	3608387.479999999981	289	123	16
Velocity	137466000	0.010000000000	0.050000000000	-0.020000000000	26	123	16
RANGE	137466	9	18951771.144	8	17810804.074	23	17236712.093	23	20312159.005	27	19315749.487	18	20978748.354	22	20716970.592	28	21364898.045	16	21939695.051	14	18778651.458	4	20042063.438	24	18216607.158	11	20418474.631	17	21900474.788	1	22241535.393	12	20785756.914	13	17586595.615	3	20901243.299
CARRIER	137466	9	99592230.657	8	93596434.532	23	92204745.036	23	106741123.283	27	101504925.029	18	110244082.271	22	110588520.305	28	112273300.069	16	115293875.316	14	100100720.049	4	107324289.915	24	97412329.757	11	107299807.404	17	117193836.772	1	116880063.696	12	111033718.396	13	93911369.320	3	111886043.278
DOPPLER	137466.992	9	-2166.926	8	-645.864	23	-350.819	23	-3469.890	27	-2894.210	18	2989.438	22	-4012.401	28	1772.705	16	-2944.222	14	2078.309	4	-1638.289	24	3284.021	11	3108.066	17	4366.805	1	3183.736	12	-2608.604	13	-221.761	3	-3720.846Position	137467000	654599.400000000023	-5210216.870000000112	3608387.419999999925	287	123	16
Velocity	137467000	0.010000000000	0.080000000000	-0.020000000000	26	123	16
RANGE	137467	9	18952183.257	8	17810927.072	23	17236777.618	23	20312820.089	18	20978179.747	22	20717721.885	28	21364560.235	14	18778263.121	4	20042369.646	24	18215992.779	11	20417883.165	17	21899658.877	1	22240929.557	12	20786245.381	13	17586635.392	3	20901932.923
CARRIER	137467	9	99594397.559	8	93597080.088	23	92205095.914	23	106744593.470	18	110241092.863	22	110592531.070	28	112271526.834	14	100098650.197	4	107325928.595	24	97409045.730	11	107296699.023	17	117189470.732	1	116876879.682	12	111036327.119	13	93911582.286	3	111889763.914
DOPPLER	137467.992	9	-2166.940	8	-645.609	23	-351.237	23	-3469.750	18	2989.511	22	-4003.732	28	1773.627	14	2072.599	4	-1639.001	24	3283.856	11	3108.439	17	4368.600	1	3184.368	12	-2609.086	13	-215.483	3	-3720.507Position	137468000	654599.400000000023	-5210216.879999999888	3608387.410000000149	285	124	15
Velocity	137468000	0.020000000000	0.040000000000	-0.010000000000	28	124	15
RANGE	137468	9	18952595.676	8	17811050.419	23	17236843.048	23	20313480.667	18	20977611.027	22	20718472.594	28	21364222.660	16	21940815.887	14	18777873.885	4	20042675.609	24	18215378.758	11	20417291.864	17	21898840.314	1	22240323.676	12	20786734.092	13	17586677.892	3	20902623.210
CARRIER	137468	9	99596565.003	8	93597726.308	23	92205447.773	23	106748063.940	18	110238103.626	22	110596538.720	28	112269753.806	16	115299764.820	14	100096574.893	4	107327568.013	24	97405762.334	11	107293590.898	17	117185090.553	1	116873695.566	12	111038937.975	13	93911809.091	3	111893484.651
DOPPLER	137468.992	9	-2167.495	8	-646.071	23	-351.794	23	-3470.469	18	2989.717	22	-4005.200	28	1773.169	16	-2947.976	14	2073.768	4	-1639.355	24	3283.225	11	3108.301	17	4372.240	1	3184.531	12	-2607.864	13	-222.269	3	-3720.867Position	137469000	654599.410000000033	-5210216.839999999851	3608387.339999999851	284	124	15
Velocity	137469000	0.010000000000	0.020000000000	-0.020000000000	23	124	15
RANGE	137469	9	18953008.260	8	17811173.461	23	17236909.175	23	20314141.062	18	20977042.534	22	20719223.005	28	21363884.981	16	21941377.880	14	18777484.335	4	20042982.026	24	18214764.929	11	20416700.250	17	21898024.394	1	22239717.648	12	20787223.274	13	17586720.610	3	20903319.980
CARRIER	137469	9	99598732.779	8	93598372.949	23	92205800.396	23	106751534.459	18	110235114.384	22	110600543.882	28	112267980.733	16	115302718.590	14	100094498.432	4	107329207.942	24	97402479.321	11	107290482.778	17	117180724.379	1	116870511.219	12	111041551.020	13	93912037.170	3	111897205.293
DOPPLER	137469.992	9	-2168.025	8	-647.215	23	-353.223	23	-3471.061	18	2989.346	22	-4001.015	28	1772.919	16	-2951.843	14	2071.819	4	-1640.295	24	3282.602	11	3108.041	17	4361.280	1	3183.885	12	-2609.685	13	-218.746	3	-3720.708Position	137470000	654599.390000000014	-5210216.849999999627	3608387.310000000056	284	124	15
Velocity	137470000	0.000000000000	0.000000000000	-0.020000000000	17	124	15
RANGE	137470	9	18953420.731	8	17811296.720	23	17236975.320	23	20314801.378	27	19317954.418	18	20976473.910	22	20719972.457	28	21363547.642	16	21941939.236	14	18777094.977	4	20043288.287	24	18214151.153	11	20416108.487	17	21897208.203	1	22239111.375	12	20787712.098	13	17586761.636	3	20904012.239
CARRIER	137470	9	99600900.985	8	93599020.146	23	92206153.882	23	106755005.105	27	101516534.969	18	110232125.158	22	110604544.483	28	112266207.728	16	115305668.436	14	100092423.670	4	107330848.502	24	97399196.849	11	107287374.803	17	117176356.619	1	116867326.661	12	111044162.113	13	93912255.916	3	111900786.759
DOPPLER	137470.992	9	-2168.855	8	-647.677	23	-354.238	23	-3471.304	27	-2895.090	18	2989.020	22	-4011.889	28	1772.571	16	-2951.843	14	2078.069	4	-1641.312	24	3281.809	11	3107.313	17	4367.645	1	3183.824	12	-2609.084	13	-218.746	3	-3721.088Position	137471000	654599.329999999958	-5210216.919999999925	3608387.270000000019	286	123	16
Velocity	137471000	0.000000000000	0.000000000000	-0.010000000000	18	123	16
