%%RANGE  1) GPS Time(ms) 2) SVID  3) Pseudorange (m)  4) SVID  5) Pseudorange ...
%%CLOCK  1) GPS Time(ms) 2) ClockBias(nsec) 3) ClkDrift(nsec/sec) 4) TimeAccuracyEstimate(nsec) 5) FreqAccuracyEstimate(ps/s)
RANGE	137287	9	18879527.304	8	17790701.650	23	17227798.495	23	20194632.548	7	18682584.094	18	21080950.475	22	20583801.306	28	21425752.154	4	19989364.016	27	19218314.949	24	18328244.899	11	20524953.932	1	22349621.248	12	20698940.031	13	17580099.771	3	20777119.482
CARRIER	137287	9	99212579.517	8	93490769.647	23	92157055.812	23	106123480.537	7	98177641.889	18	110781146.194	22	109877663.279	28	112593072.544	4	107042103.740	27	100992890.318	24	98009333.757	11	107859311.260	1	117448051.924	12	110570013.493	13	93876681.824	3	111221482.800
DOPPLER	137287.992	9	-2076.947	8	-536.713	23	-184.251	23	-3431.727	7	1993.800	18	3009.158	22	-3934.735	28	1798.041	4	-1516.327	27	-2826.036	24	3383.479	11	3140.825	1	3159.278	12	-2574.002	13	-167.150	3	-3704.534Position	137288000	654604.619999999995	-5210213.839999999851	3608383.600000000093	248	123	16
Velocity	137288000	-0.010000000000	0.010000000000	0.000000000000	20	123	16
RANGE	137288	9	18879922.822	8	17790803.917	23	17227833.047	23	20195285.945	7	18682204.482	18	21080377.977	22	20584538.264	28	21425410.217	4	19989647.574	27	19218850.984	24	18327612.503	11	20524356.375	1	22349021.850	12	20699415.645	13	17580131.687	3	20777811.810
CARRIER	137288	9	99214657.275	8	93491307.404	23	92157241.291	23	106126913.049	7	98175647.093	18	110778137.583	22	109881599.206	28	112591275.727	4	107043620.996	27	100995717.091	24	98005951.601	11	107856170.951	1	117444901.838	12	110572588.205	13	93876852.974	3	111225188.308
DOPPLER	137288.992	9	-2078.625	8	-538.653	23	-186.639	23	-3433.716	7	1993.800	18	3007.720	22	-3936.927	28	1796.033	4	-1518.746	27	-2827.368	24	3380.846	11	3139.526	1	3157.812	12	-2575.582	13	-167.150	3	-3706.366Position	137289000	654604.619999999995	-5210213.889999999665	3608383.620000000112	252	125	15
Velocity	137289000	0.000000000000	0.050000000000	-0.010000000000	24	125	15
RANGE	137289	9	18880318.191	8	17790906.638	23	17227868.375	23	20195939.473	18	21079805.426	22	20585274.872	28	21425068.786	4	19989931.358	27	19219388.451	24	18326979.593	11	20523758.723	1	22348421.895	12	20699898.292	3	20778504.296
CARRIER	137289	9	99216736.267	8	93491846.478	23	92157428.459	23	106130346.475	18	110775129.668	22	109885536.180	28	112589479.652	4	107045139.682	27	100998545.038	24	98002570.583	11	107853031.521	1	117441749.298	12	110575163.773	3	111228894.592
DOPPLER	137289.992	9	-2078.920	8	-539.219	23	-187.411	23	-3433.429	18	3008.416	22	-3936.439	28	1796.338	4	-1519.103	27	-2828.104	24	3380.957	11	3139.881	1	3158.278	12	-2575.743	3	-3706.016Position	137290000	654604.630000000005	-5210213.910000000149	3608383.629999999888	255	123	16
Velocity	137290000	0.010000000000	0.050000000000	-0.030000000000	25	123	16
RANGE	137290	9	18880713.648	8	17791009.359	23	17227903.554	23	20196592.408	18	21079233.068	22	20586014.299	28	21424727.041	4	19990214.889	27	19219923.963	24	18326345.783	11	20523161.000	1	22347818.824	12	20700390.266	3	20779196.415
CARRIER	137290	9	99218815.320	8	93492385.682	23	92157616.063	23	106133779.649	18	110772121.542	22	109889473.113	28	112587683.310	4	107046658.589	27	101001372.979	24	97999189.723	11	107849891.871	1	117438580.405	12	110577739.150	3	111232600.588
DOPPLER	137290.992	9	-2079.118	8	-539.338	23	-187.990	23	-3433.085	18	3007.955	22	-3936.649	28	1796.649	4	-1518.934	27	-2828.809	24	3379.883	11	3139.836	1	3158.435	12	-2575.054	3	-3706.143Position	137291000	654604.619999999995	-5210213.940000000410	3608383.700000000186	256	123	16
Velocity	137291000	0.000000000000	0.010000000000	-0.020000000000	21	123	16
RANGE	137291	9	18881109.201	8	17791111.905	23	17227939.318	23	20197245.901	18	21078660.675	22	20586752.138	28	21424385.287	4	19990498.516	27	19220461.692	24	18325711.904	11	20522562.947	1	22347222.253	12	20700867.704	3	20779888.613
CARRIER	137291	9	99220894.566	8	93492925.219	23	92157804.326	23	106137212.882	18	110769113.174	22	109893410.245	28	112585886.809	4	107048177.935	27	101004200.903	24	97995784.711	11	107846752.112	1	117435420.756	12	110580314.407	3	111236306.337
DOPPLER	137291.992	9	-2079.485	8	-540.015	23	-189.011	23	-3433.267	18	3008.276	22	-3936.890	28	1796.747	4	-1519.524	27	-2828.927	24	3385.959	11	3139.924	1	3160.149	12	-2575.592	3	-3705.760Position	137292000	654604.630000000005	-5210214.030000000261	3608383.750000000000	257	128	14
Velocity	137292000	0.010000000000	-0.010000000000	-0.010000000000	20	128	14
RANGE	137292	9	18881504.832	8	17791214.853	23	17227974.664	23	20197899.159	18	21078088.438	22	20587489.148	28	21424043.542	4	19990782.623	27	19221001.349	24	18325078.802	11	20521965.338	1	22346619.191	12	20701348.248	3	20780580.898
CARRIER	137292	9	99222974.430	8	93493465.438	23	92157993.573	23	106140646.241	18	110766104.952	22	109897347.858	28	112584090.530	4	107049698.055	27	101007029.305	24	97992398.626	11	107843612.609	1	117432276.185	12	110582889.909	3	111240012.341
DOPPLER	137292.992	9	-2080.260	8	-540.761	23	-189.711	23	-3433.794	18	3008.665	22	-3938.399	28	1795.966	4	-1520.693	27	-2828.646	24	3379.558	11	3139.395	1	3158.549	12	-2575.297	3	-3706.679Position	137293000	654604.640000000014	-5210214.120000000112	3608383.870000000112	258	119	17
Velocity	137293000	0.010000000000	0.010000000000	0.010000000000	18	119	17
RANGE	137293	9	18881900.603	8	17791317.573	23	17228009.913	23	20198552.408	18	21077515.993	22	20588227.781	28	21423701.736	4	19991066.608	27	19221541.756	24	18324449.503	11	20521368.121	1	22346020.212	12	20701831.401	3	20781273.209
CARRIER	137293	9	99225054.631	8	93494006.139	23	92158183.573	23	106144079.772	18	110763096.668	22	109901285.620	28	112582294.204	4	107051218.653	27	101009857.915	24	97989018.934	11	107840473.037	1	117429128.719	12	110585465.478	3	111243718.223
DOPPLER	137293.992	9	-2080.463	8	-541.061	23	-190.560	23	-3433.739	18	3007.823	22	-3937.763	28	1797.192	4	-1520.491	27	-2827.993	24	3379.707	11	3139.714	1	3159.691	12	-2575.765	3	-3706.683Position	137294000	654604.640000000014	-5210214.250000000000	3608384.009999999776	258	119	17
Velocity	137294000	0.000000000000	-0.010000000000	0.000000000000	20	119	17
RANGE	137294	9	18882296.200	8	17791420.556	23	17228045.712	23	20199205.473	18	21076943.660	22	20588965.759	28	21423360.139	4	19991350.916	27	19222077.390	24	18323817.884	11	20520770.897	1	22345421.050	12	20702313.385	3	20781965.651
CARRIER	137294	9	99227135.035	8	93494547.126	23	92158374.235	23	106147513.191	18	110760088.206	22	109905223.677	28	112580497.782	4	107052739.631	27	101012686.730	24	97985639.525	11	107837333.372	1	117425979.280	12	110588040.923	3	111247423.929
DOPPLER	137294.992	9	-2081.160	8	-541.578	23	-191.987	23	-3433.971	18	3008.399	22	-3938.923	28	1795.789	4	-1521.567	27	-2830.062	24	3378.738	11	3139.971	1	3160.313	12	-2575.635	3	-3706.179Position	137295000	654604.619999999995	-5210214.419999999925	3608384.129999999888	259	123	16
Velocity	137295000	0.000000000000	-0.040000000000	0.000000000000	22	123	16
RANGE	137295	9	18882692.014	8	17791523.556	23	17228081.232	23	20199859.124	18	21076371.276	22	20589701.896	28	21423018.263	4	19991635.153	27	19222616.061	24	18323180.550	11	20520173.157	1	22344816.566	12	20702795.508	3	20782658.094
CARRIER	137295	9	99229215.604	8	93495088.381	23	92158565.404	23	106150946.460	18	110757079.525	22	109909161.607	28	112578701.075	4	107054260.943	27	101015515.548	24	97982260.334	11	107834193.492	1	117422818.478	12	110590616.264	3	111251129.434
DOPPLER	137295.992	9	-2080.096	8	-541.030	23	-190.575	23	-3433.879	18	3009.247	22	-3937.272	28	1797.839	4	-1521.211	27	-2828.490	24	3379.684	11	3140.658	1	3161.679	12	-2574.767	3	-3705.188Position	137296000	654604.640000000014	-5210214.540000000037	3608384.160000000149	260	123	16
Velocity	137296000	0.010000000000	-0.060000000000	0.000000000000	23	123	16
RANGE	137296	9	18883088.099	8	17791626.468	23	17228117.110	23	20200512.181	18	21075798.917	22	20590441.507	28	21422676.169	4	19991919.618	27	19223154.697	24	18322546.932	11	20519575.469	1	22344214.830	12	20703277.614	13	17580391.434	3	20783350.527
CARRIER	137296	9	99231295.859	8	93495629.396	23	92158756.673	23	106154379.233	18	110754070.081	22	109913099.212	28	112576903.669	4	107055782.075	27	101018343.800	24	97978880.843	11	107831053.072	1	117419656.546	12	110593190.918	13	93878239.954	3	111254834.094
DOPPLER	137296.992	9	-2081.041	8	-541.611	23	-191.884	23	-3433.134	18	3009.083	22	-3938.782	28	1797.278	4	-1521.729	27	-2827.797	24	3378.229	11	3139.974	1	3161.888	12	-2575.380	13	-167.509	3	-3704.764Position	137297000	654604.650000000023	-5210214.650000000373	3608384.240000000224	260	123	16
Velocity	137297000	-0.010000000000	-0.050000000000	0.030000000000	23	123	16
RANGE	137297	9	18883484.263	8	17791729.652	23	17228153.197	23	20201164.749	18	21075226.428	22	20591181.675	28	21422334.302	4	19992204.100	27	19223698.419	24	18321913.864	11	20518977.913	1	22343613.426	12	20703760.566	13	17580421.797	3	20784042.533
CARRIER	137297	9	99233377.074	8	93496171.507	23	92158949.360	23	106157812.696	18	110751061.243	22	109917050.876	28	112575106.894	4	107057304.371	27	101021173.115	24	97975502.309	11	107827913.266	1	117416495.091	12	110595766.175	13	93878401.649	3	111258539.338
DOPPLER	137297.992	9	-2081.577	8	-542.546	23	-193.494	23	-3433.796	18	3008.181	22	-3938.797	28	1796.106	4	-1522.863	27	-2830.427	24	3378.164	11	3138.852	1	3161.796	12	-2575.697	13	-169.438	3	-3705.718Position	137298000	654604.650000000023	-5210214.799999999814	3608384.339999999851	261	123	16
Velocity	137298000	0.010000000000	0.000000000000	0.030000000000	18	123	16
RANGE	137298	9	18883880.383	8	17791833.000	23	17228189.014	23	20201817.762	18	21074653.747	22	20591918.702	28	21421992.679	4	19992488.530	27	19224232.396	24	18321282.899	11	20518380.444	1	22343011.228	12	20704242.279	13	17580453.714	3	20784734.957
CARRIER	137298	9	99235459.029	8	93496714.444	23	92159143.257	23	106161246.567	18	110748052.614	22	109920985.330	28	112573310.486	4	107058827.591	27	101024002.914	24	97972124.653	11	107824773.798	1	117413333.610	12	110598341.963	13	93878572.399	3	111262244.893
DOPPLER	137298.992	9	-2082.578	8	-543.352	23	-194.936	23	-3434.260	18	3008.218	22	-3941.045	28	1795.349	4	-1523.965	27	-2830.570	24	3377.699	11	3139.139	1	3160.905	12	-2576.563	13	-174.539	3	-3705.292Position	137299000	654604.650000000023	-5210214.950000000186	3608384.430000000168	262	116	17
Velocity	137299000	0.000000000000	0.000000000000	0.000000000000	18	116	17
RANGE	137299	9	18884276.878	8	17791936.376	23	17228227.273	23	20202470.575	18	21074078.500	22	20592658.400	28	21421650.899	4	19992773.213	27	19224773.580	24	18320651.786	11	20517783.062	1	22342409.291	12	20704725.371	13	17580486.128	3	20785429.651
CARRIER	137299	9	99237541.397	8	93497257.933	23	92159337.857	23	106164680.580	18	110745044.212	22	109924933.681	28	112571514.118	4	107060351.468	27	101026832.921	24	97968747.272	11	107821634.274	1	117410152.498	12	110600917.693	13	93878744.940	3	111265950.505
DOPPLER	137299.992	9	-2082.157	8	-543.601	23	-193.762	23	-3433.694	18	3009.010	22	-3946.414	28	1797.003	4	-1523.867	27	-2828.636	24	3376.652	11	3139.875	1	3161.491	12	-2575.230	13	-174.539	3	-3704.253Position	137300000	654604.630000000005	-5210215.120000000112	3608384.490000000224	264	116	17
Velocity	137300000	-0.020000000000	-0.030000000000	0.010000000000	25	116	17
RANGE	137300	9	18884673.164	8	17792039.707	23	17228261.336	23	20203123.833	18	21073509.458	22	20593400.147	28	21421308.980	16	21846484.765	14	18843548.966	4	19993058.131	27	19225312.111	24	18320022.950	11	20517185.287	1	22341800.261	12	20705208.088	13	17580518.541	3	20786122.110
CARRIER	137300	9	99239623.870	8	93497801.606	23	92159533.114	23	106168114.341	18	110742038.703	22	109928893.535	28	112569717.509	16	114804051.954	14	100446660.297	4	107061875.635	27	101029663.125	24	97965369.550	11	107818494.760	1	117406990.198	12	110603493.388	13	93878918.481	3	111269655.849
DOPPLER	137300.992	9	-2082.093	8	-543.564	23	-195.312	23	-3433.728	18	3009.419	22	-3937.556	28	1796.979	16	-2952.883	14	2088.594	4	-1524.185	27	-2829.594	24	3377.118	11	3139.622	1	3162.885	12	-2575.393	13	-174.539	3	-3704.982Position	137301000	654604.640000000014	-5210215.269999999553	3608384.540000000037	265	123	16
Velocity	137301000	0.000000000000	-0.050000000000	0.000000000000	25	123	16
RANGE	137301	9	18885069.711	8	17792142.881	23	17228301.393	23	20203776.959	18	21072933.103	22	20594138.405	28	21420967.322	16	21847045.257	14	18843157.357	4	19993343.155	27	19225851.872	24	18319385.389	11	20516587.774	1	22341198.281	12	20705690.054	3	20786817.283
CARRIER	137301	9	99241706.687	8	93498345.716	23	92159729.071	23	106171548.225	18	110739029.986	22	109932834.571	28	112567920.833	16	114806996.838	14	100444572.779	4	107063400.294	27	101032493.541	24	97961992.761	11	107815355.130	1	117403827.691	12	110606015.423	3	111273361.062
DOPPLER	137301.992	9	-2083.434	8	-544.608	23	-196.396	23	-3433.681	18	3007.578	22	-3942.181	28	1797.064	16	-2952.883	14	2084.968	4	-1525.251	27	-2830.576	24	3376.852	11	3139.419	1	3162.516	12	-2576.475	3	-3704.781Position	137302000	654604.680000000051	-5210215.429999999702	3608384.580000000075	267	120	17
Velocity	137302000	0.010000000000	-0.040000000000	-0.010000000000	25	120	17
RANGE	137302	9	18885466.075	8	17792246.414	23	17228340.447	23	20204430.409	18	21072361.861	22	20594876.061	28	21420625.341	16	21847608.629	14	18842765.791	4	19993628.396	27	19226384.331	24	18318750.576	11	20515990.235	1	22340596.885	12	20706172.666	3	20787505.206
CARRIER	137302	9	99243790.717	8	93498891.135	23	92159926.670	23	106174983.038	18	110736021.910	22	109936771.893	28	112566124.980	16	114809957.721	14	100442486.018	4	107064926.383	27	101035325.033	24	97958617.224	11	107812216.433	1	117400665.700	12	110608593.041	3	111277067.169
DOPPLER	137302.992	9	-2083.990	8	-545.186	23	-198.295	23	-3434.938	18	3008.259	22	-3936.128	28	1796.576	16	-2952.883	14	2098.072	4	-1526.984	27	-2831.708	24	3375.656	11	3138.624	1	3162.866	12	-2576.684	3	-3706.007Position	137303000	654604.709999999963	-5210215.599999999627	3608384.640000000130	270	112	18
Velocity	137303000	0.010000000000	0.030000000000	0.020000000000	26	112	18
RANGE	137303	9	18885863.164	8	17792350.330	23	17228376.246	23	20205083.457	18	21071790.698	22	20595615.601	28	21420283.404	16	21848169.365	14	18842375.142	4	19993913.410	27	19226925.087	24	18318126.242	11	20515392.792	1	22339997.444	12	20706654.144	3	20788194.131
CARRIER	137303	9	99245874.848	8	93499436.744	23	92160124.772	23	106178417.557	18	110733013.450	22	109940719.801	28	112564328.870	16	114812904.604	14	100440403.448	4	107066452.708	27	101038156.464	24	97955241.843	11	107809077.451	1	117397503.048	12	110611165.448	3	111280772.891
DOPPLER	137303.992	9	-2084.895	8	-545.985	23	-198.759	23	-3434.683	18	3008.244	22	-3936.222	28	1795.685	16	-2952.883	14	2081.781	4	-1526.781	27	-2831.325	24	3373.975	11	3138.760	1	3162.325	12	-2576.391	3	-3705.967Position	137304000	654604.760000000009	-5210215.700000000186	3608384.660000000149	272	123	16
Velocity	137304000	0.000000000000	-0.010000000000	0.000000000000	25	123	16
RANGE	137304	9	18886260.086	8	17792454.219	23	17228415.640	23	20205736.881	18	21071219.239	22	20596355.316	28	21419942.095	14	18841984.135	4	19994198.948	27	19227462.431	24	18317495.016	11	20514795.340	1	22339389.365	12	20707137.611	3	20788885.579
CARRIER	137304	9	99247960.128	8	93499983.656	23	92160324.435	23	106181853.038	18	110730005.752	22	109944667.666	28	112562533.576	14	100438319.251	4	107067980.390	27	101040989.032	24	97951867.552	11	107805939.365	1	117394341.084	12	110613747.683	3	111284479.420
DOPPLER	137304.992	9	-2085.914	8	-547.766	23	-200.015	23	-3436.306	18	3006.838	22	-3926.579	28	1794.775	14	2089.715	4	-1528.616	27	-2833.437	24	3373.267	11	3137.359	1	3161.465	12	-2578.998	3	-3707.053Position	137305000	654604.849999999977	-5210215.769999999553	3608384.620000000112	273	120	17
Velocity	137305000	0.010000000000	0.030000000000	0.010000000000	24	120	17
RANGE	137305	9	18886657.149	8	17792558.301	23	17228451.823	23	20206390.801	18	21070645.720	22	20597093.931	28	21419600.350	14	18841592.735	4	19994484.503	27	19227999.313	24	18316863.937	11	20514198.272	1	22338788.537	12	20707619.647	3	20789578.318
CARRIER	137305	9	99250046.147	8	93500531.382	23	92160525.280	23	106185288.956	18	110726998.339	22	109948611.386	28	112560738.606	14	100436233.102	4	107069508.942	27	101043822.097	24	97948494.091	11	107802801.633	1	117391179.105	12	110616325.143	3	111288186.213
DOPPLER	137305.992	9	-2085.898	8	-547.628	23	-201.464	23	-3435.465	18	3007.448	22	-3944.320	28	1795.209	14	2090.371	4	-1528.368	27	-2832.394	24	3373.724	11	3137.900	1	3161.723	12	-2576.930	3	-3707.150Position	137306000	654604.930000000051	-5210215.809999999590	3608384.620000000112	274	120	17
Velocity	137306000	0.010000000000	0.030000000000	0.000000000000	25	120	17
RANGE	137306	9	18887054.281	8	17792662.645	23	17228488.564	23	20207044.958	18	21070075.499	22	20597833.253	28	21419258.623	14	18841201.720	4	19994769.998	27	19228536.108	24	18316232.876	11	20513601.222	1	22338187.071	12	20708102.957	13	17580713.914	3	20790270.524
CARRIER	137306	9	99252132.568	8	93501079.639	23	92160726.952	23	106188724.886	18	110723991.056	22	109952557.703	28	112558943.740	14	100434148.786	4	107071038.130	27	101046655.500	24	97945121.095	11	107799663.940	1	117388016.995	12	110618904.375	13	93879961.736	3	111291893.082
DOPPLER	137306.992	9	-2086.371	8	-548.376	23	-201.541	23	-3435.868	18	3007.880	22	-3944.320	28	1795.056	14	2082.232	4	-1529.286	27	-2833.084	24	3372.736	11	3137.658	1	3162.469	12	-2575.947	13	-168.657	3	-3707.088Position	137307000	654605.010000000009	-5210215.889999999665	3608384.640000000130	276	120	17
Velocity	137307000	0.010000000000	-0.010000000000	-0.010000000000	20	120	17
RANGE	137307	9	18887451.631	8	17792767.041	23	17228525.951	23	20207698.652	18	21069502.225	28	21418916.790	14	18840810.372	4	19995056.085	27	19229077.711	24	18315600.341	11	20513003.813	1	22337587.272	12	20708585.586	13	17580746.973	3	20790962.277
CARRIER	137307	9	99254219.155	8	93501628.123	23	92160929.161	23	106192160.955	18	110720983.499	28	112557148.643	14	100432061.900	4	107072567.601	27	101049488.782	24	97941748.238	11	107796526.111	1	117384854.289	12	110621482.793	13	93880138.105	3	111295599.559
DOPPLER	137307.992	9	-2087.368	8	-549.261	23	-203.151	23	-3436.358	18	3007.153	28	1793.890	14	2083.413	4	-1530.600	27	-2833.531	24	3372.636	11	3137.327	1	3162.065	12	-2578.132	13	-175.891	3	-3706.629Position	137308000	654605.099999999977	-5210215.959999999963	3608384.629999999888	278	120	17
Velocity	137308000	0.000000000000	-0.020000000000	-0.010000000000	26	120	17
RANGE	137308	9	18887848.841	8	17792871.437	23	17228563.722	23	20208352.729	18	21068929.430	28	21418575.141	14	18840418.632	4	19995341.972	27	19229612.987	24	18314975.605	11	20512406.841	1	22336982.500	12	20709069.577	13	17580779.841	3	20791652.651
CARRIER	137308	9	99256306.741	8	93502177.689	23	92161171.858	23	106195597.486	18	110717976.528	28	112555354.069	14	100429974.045	4	107074098.258	27	101052323.119	24	97938376.502	11	107793388.926	1	117381691.960	12	110624068.072	13	93880313.434	3	111299306.672
DOPPLER	137308.992	9	-2088.055	8	-549.939	23	-204.803	23	-3436.594	18	3006.978	28	1794.550	14	2089.035	4	-1531.442	27	-2834.505	24	3371.533	11	3136.793	1	3162.034	12	-2578.550	13	-168.902	3	-3706.943Position	137309000	654605.189999999944	-5210216.040000000037	3608384.620000000112	279	120	17
Velocity	137309000	0.010000000000	0.000000000000	0.000000000000	19	120	17
RANGE	137309	9	18888246.541	8	17792976.112	23	17228601.362	23	20209006.816	18	21068357.377	28	21418233.946	14	18840027.233	4	19995628.165	27	19230151.658	24	18314348.026	11	20511809.861	1	22336383.207	12	20709552.494	13	17580812.656	3	20792348.775
CARRIER	137309	9	99258394.410	8	93502727.481	23	92161376.035	23	106199033.930	18	110714969.268	28	112553559.344	14	100427887.506	4	107075629.225	27	101055129.009	24	97935004.849	11	107790251.512	1	117378529.058	12	110626646.060	13	93880489.142	3	111303013.579
DOPPLER	137309.992	9	-2087.499	8	-549.648	23	-204.060	23	-3435.822	18	3007.703	28	1795.032	14	2096.705	4	-1531.124	27	-2834.159	24	3371.533	11	3138.288	1	3163.459	12	-2577.981	13	-166.208	3	-3705.943Position	137310000	654605.290000000037	-5210216.040000000037	3608384.600000000093	280	120	17
Velocity	137310000	0.000000000000	-0.030000000000	-0.010000000000	25	120	17
RANGE	137310	9	18888644.214	8	17793081.171	23	17228639.194	23	20209660.658	18	21067785.542	28	21417892.183	14	18839634.254	4	19995914.191	27	19230692.336	24	18313716.363	11	20511212.758	1	22335782.187	12	20710034.399	13	17580847.565	3	20793040.144
CARRIER	137310	9	99260482.515	8	93503277.783	23	92161581.043	23	106202470.505	18	110711961.513	28	112551764.636	14	100425793.253	4	107077160.833	27	101057963.559	24	97931633.611	11	107787114.194	1	117375365.987	12	110629224.124	13	93880675.448	3	111306720.491
DOPPLER	137310.992	9	-2088.143	8	-550.195	23	-204.671	23	-3436.324	18	3007.114	28	1794.714	14	2094.201	4	-1531.522	27	-2834.365	24	3371.533	11	3137.524	1	3163.728	12	-2578.091	13	-179.878	3	-3706.644Position	137311000	654605.369999999995	-5210216.009999999776	3608384.569999999832	281	119	17
Velocity	137311000	0.010000000000	-0.010000000000	0.000000000000	23	119	17
RANGE	137311	9	18889041.703	8	17793185.680	23	17228677.925	23	20210314.561	18	21067212.503	28	21417550.805	14	18839242.418	4	19996200.532	27	19231230.736	24	18313087.239	11	20510615.323	1	22335181.437	12	20710516.627	13	17580880.005	3	20793731.766
CARRIER	137311	9	99262570.639	8	93503828.233	23	92161786.587	23	106205906.826	18	110708953.834	28	112549969.535	14	100423703.821	4	107078692.633	27	101060798.079	24	97928262.477	11	107783976.561	1	117372202.225	12	110631801.860	13	93880848.167	3	111310426.961
DOPPLER	137311.992	9	-2088.291	8	-550.447	23	-205.709	23	-3436.160	18	3007.971	28	1795.374	14	2093.248	4	-1531.744	27	-2834.628	24	3371.136	11	3137.771	1	3164.148	12	-2577.688	13	-181.256	3	-3706.045Position	137312000	654605.479999999981	-5210215.990000000224	3608384.529999999795	282	119	17
Velocity	137312000	0.000000000000	-0.030000000000	-0.010000000000	23	119	17
RANGE	137312	9	18889438.931	8	17793290.320	23	17228716.359	23	20210969.136	18	21066639.944	28	21417209.295	14	18838850.512	4	19996486.994	27	19231771.230	24	18312456.152	11	20510018.142	1	22334576.089	12	20710999.257	13	17580913.248	3	20794423.458
CARRIER	137312	9	99264659.311	8	93504379.304	23	92161993.027	23	106209343.422	18	110705946.356	28	112548174.640	14	100421615.478	4	107080225.136	27	101063633.006	24	97924891.903	11	107780839.175	1	117369038.337	12	110634379.878	13	93881025.643	3	111314133.636
DOPPLER	137312.992	9	-2089.048	8	-551.296	23	-206.929	23	-3436.759	18	3007.718	28	1794.867	14	2087.571	4	-1532.797	27	-2835.546	24	3370.648	11	3137.061	1	3163.662	12	-2578.368	13	-170.217	3	-3706.507Position	137313000	654605.579999999958	-5210216.040000000037	3608384.520000000019	283	135	16
Velocity	137313000	0.000000000000	-0.010000000000	0.000000000000	22	135	16
RANGE	137313	9	18889836.631	8	17793395.249	23	17228755.395	23	20211623.232	18	21066067.769	28	21416867.882	14	18838459.060	4	19996773.318	27	19232308.601	24	18311827.516	11	20509421.100	1	22333978.925	12	20711480.063	13	17580945.548	3	20795115.534
CARRIER	137313	9	99266748.525	8	93504931.029	23	92162200.471	23	106212780.241	18	110702939.009	28	112546379.991	14	100419528.800	4	107081758.313	27	101066468.360	24	97921521.942	11	107777701.955	1	117365874.477	12	110636958.085	13	93881198.421	3	111317840.375
DOPPLER	137313.992	9	-2089.531	8	-552.145	23	-207.584	23	-3436.899	18	3007.203	28	1794.135	14	2090.930	4	-1533.653	27	-2835.321	24	3369.879	11	3137.117	1	3164.192	12	-2577.784	13	-176.757	3	-3706.240Position	137314000	654605.680000000051	-5210216.099999999627	3608384.540000000037	284	119	17
Velocity	137314000	-0.010000000000	0.000000000000	0.000000000000	19	119	17
RANGE	137314	9	18890234.469	8	17793500.264	23	17228794.344	23	20212277.397	18	21065495.218	28	21416526.250	14	18838066.544	4	19997060.086	27	19232849.218	24	18311197.598	11	20508824.111	1	22333375.514	12	20711962.413	13	17580979.576	3	20795802.810
CARRIER	137314	9	99268838.255	8	93505483.385	23	92162408.798	23	106216217.199	18	110699931.759	28	112544585.393	14	100417435.862	4	107083292.249	27	101069304.163	24	97918152.521	11	107774564.984	1	117362710.409	12	110639536.553	13	93881379.822	3	111321547.280
DOPPLER	137314.992	9	-2089.788	8	-552.576	23	-208.465	23	-3436.625	18	3007.096	28	1794.495	14	2090.930	4	-1534.038	27	-2835.878	24	3369.360	11	3136.765	1	3164.320	12	-2578.089	13	-170.497	3	-3706.737Position	137315000	654605.770000000019	-5210216.150000000373	3608384.549999999814	285	119	17
Velocity	137315000	0.000000000000	-0.010000000000	0.000000000000	23	119	17
RANGE	137315	9	18890631.575	8	17793605.524	23	17228833.345	23	20212931.527	18	21064922.834	28	21416184.278	14	18837674.036	4	19997346.601	27	19233393.621	24	18310567.829	11	20508227.139	1	22332773.290	12	20712443.969	13	17581013.892	3	20796495.689
CARRIER	137315	9	99270928.502	8	93506036.350	23	92162618.126	23	106219654.551	18	110696924.597	28	112542790.983	14	100415343.924	4	107084826.912	27	101072140.311	24	97914783.591	11	107771428.150	1	117359546.174	12	110642115.201	13	93881563.618	3	111325254.259
DOPPLER	137315.992	9	-2090.154	8	-553.250	23	-210.044	23	-3437.097	18	3007.140	28	1794.934	14	2090.930	4	-1534.949	27	-2836.365	24	3369.495	11	3137.077	1	3164.651	12	-2578.330	13	-176.245	3	-3707.422Position	137316000	654605.839999999967	-5210216.190000000410	3608384.560000000056	287	119	17
Velocity	137316000	0.010000000000	-0.020000000000	0.000000000000	23	119	17
RANGE	137316	9	18891029.493	8	17793710.705	23	17228872.678	23	20213585.657	18	21064350.754	28	21415842.865	4	19997633.544	27	19233932.449	24	18309937.536	11	20507630.577	1	22332176.806	12	20712925.927	13	17581048.025	3	20797190.364
CARRIER	137316	9	99273019.003	8	93506589.683	23	92162828.028	23	106223091.805	18	110693917.329	28	112540996.457	4	107086361.986	27	101074976.095	24	97911415.039	11	107768291.247	1	117356381.518	12	110644693.714	13	93881745.927	3	111328960.986
DOPPLER	137316.992	9	-2090.699	8	-553.522	23	-210.650	23	-3437.125	18	3006.673	28	1794.659	4	-1535.206	27	-2836.260	24	3368.195	11	3137.055	1	3165.386	12	-2578.376	13	-176.808	3	-3707.151Position	137317000	654605.920000000042	-5210216.230000000447	3608384.580000000075	289	119	17
Velocity	137317000	0.010000000000	-0.030000000000	0.000000000000	24	119	17
RANGE	137317	9	18891427.410	8	17793815.694	23	17228911.845	23	20214239.586	18	21063778.518	28	21415501.032	4	19997920.617	27	19234474.531	24	18309307.452	11	20507033.684	1	22331572.540	12	20713407.221	13	17581079.487	3	20797886.235
CARRIER	137317	9	99275110.100	8	93507143.712	23	92163039.032	23	106226529.410	18	110690910.192	28	112539202.165	4	107087897.862	27	101077812.857	24	97908047.022	11	107765154.596	1	117353216.866	12	110647272.589	13	93881913.712	3	111332667.912
DOPPLER	137317.992	9	-2091.409	8	-554.345	23	-211.795	23	-3437.723	18	3007.319	28	1794.049	4	-1536.550	27	-2836.400	24	3367.889	11	3137.059	1	3164.922	12	-2578.237	13	-176.561	3	-3706.730Position	137318000	654606.010000000009	-5210216.299999999814	3608384.600000000093	290	119	17
Velocity	137318000	0.000000000000	-0.020000000000	0.000000000000	25	119	17
RANGE	137318	9	18891825.275	8	17793921.181	23	17228951.326	23	20214893.935	18	21063206.299	22	20606681.185	28	21415159.863	4	19998207.473	27	19235013.367	24	18308677.639	11	20506436.555	1	22330975.272	12	20713890.095	13	17581113.637	3	20798579.864
CARRIER	137318	9	99277201.103	8	93507697.718	23	92163250.284	23	106229966.602	18	110687902.566	22	109999788.127	28	112537407.417	4	107089433.796	27	101080649.434	24	97904678.942	11	107762017.465	1	117350051.414	12	110649851.127	13	93882096.122	3	111336374.370
DOPPLER	137318.992	9	-2090.973	8	-553.810	23	-211.672	23	-3436.715	18	3007.782	22	-3941.360	28	1794.531	4	-1535.619	27	-2835.829	24	3368.933	11	3137.811	1	3166.325	12	-2577.537	13	-175.737	3	-3706.289Position	137319000	654606.099999999977	-5210216.379999999888	3608384.629999999888	291	112	18
Velocity	137319000	0.000000000000	-0.070000000000	-0.020000000000	24	112	18
RANGE	137319	9	18892223.367	8	17794026.720	23	17228990.711	23	20215548.222	18	21062633.653	22	20607421.580	28	21414818.354	16	21857138.044	4	19998494.590	27	19235557.046	24	18308049.867	11	20505839.051	1	22330362.272	12	20714372.925	13	17581147.587	3	20799279.068
CARRIER	137319	9	99279292.031	8	93508251.785	23	92163461.904	23	106233403.439	18	110684894.547	22	110003740.155	28	112535612.158	16	114860034.666	4	107090969.811	27	101083485.810	24	97901310.876	11	107758879.973	1	117346885.340	12	110652396.981	13	93882277.161	3	111340080.340
DOPPLER	137319.992	9	-2091.135	8	-554.720	23	-213.194	23	-3437.217	18	3007.739	22	-3956.413	28	1794.873	16	-2948.891	4	-1536.482	27	-2836.313	24	3367.828	11	3137.286	1	3166.015	12	-2577.967	13	-177.107	3	-3706.145Position	137320000	654606.180000000051	-5210216.480000000447	3608384.660000000149	292	119	17
Velocity	137320000	-0.010000000000	-0.050000000000	0.010000000000	26	119	17
RANGE	137320	9	18892621.363	8	17794132.808	23	17229030.367	23	20216202.745	18	21062061.172	22	20608163.538	28	21414476.774	16	21857699.811	4	19998781.951	27	19236102.331	24	18307415.081	11	20505242.052	1	22329762.324	12	20714856.514	13	17581180.733	3	20799971.292
CARRIER	137320	9	99281384.587	8	93508807.553	23	92163675.588	23	106236841.599	18	110681887.667	22	110007700.916	28	112533818.168	16	114862987.557	4	107092507.644	27	101086323.704	24	97897944.462	11	107755743.791	1	117343720.255	12	110654980.993	13	93882454.581	3	111343848.058
DOPPLER	137320.992	9	-2093.734	8	-557.002	23	-215.552	23	-3438.812	18	3006.349	22	-3960.632	28	1793.127	16	-2948.891	4	-1538.969	27	-2838.844	24	3365.607	11	3135.254	1	3163.857	12	-2573.702	13	-178.630	3	-3708.116Position	137321000	654606.260000000009	-5210216.620000000112	3608384.680000000168	292	119	17
Velocity	137321000	0.020000000000	0.060000000000	0.020000000000	25	119	17
RANGE	137321	9	18893019.489	8	17794238.845	23	17229070.171	23	20216857.198	18	21061488.709	22	20608904.509	28	21414135.719	16	21858259.221	4	19999069.557	27	19236643.514	24	18306787.798	11	20504645.525	1	22329166.443	12	20715339.868	13	17581214.281	3	20800665.601
CARRIER	137321	9	99283478.408	8	93509364.682	23	92163890.958	23	106240280.755	18	110678881.650	22	110011657.000	28	112532025.077	16	114865927.449	4	107094046.964	27	101089162.741	24	97894579.350	11	107752608.540	1	117340555.602	12	110657562.721	13	93882633.175	3	111347556.202
DOPPLER	137321.992	9	-2093.693	8	-557.027	23	-215.186	23	-3438.995	18	3006.527	22	-3952.697	28	1794.000	16	-2948.891	4	-1539.742	27	-2838.759	24	3365.405	11	3135.288	1	3165.335	12	-2579.711	13	-178.875	3	-3708.785Position	137322000	654606.329999999958	-5210216.730000000447	3608384.720000000205	293	123	16
Velocity	137322000	0.020000000000	0.050000000000	-0.010000000000	27	123	16
RANGE	137322	9	18893417.703	8	17794344.951	23	17229109.923	23	20217511.816	18	21060916.229	22	20609648.097	28	21413794.183	4	19999356.665	27	19237182.238	24	18306160.384	11	20504048.841	17	22017961.319	1	22328554.987	12	20715823.413	13	17581247.140	3	20801364.134
CARRIER	137322	9	99285571.320	8	93509921.036	23	92164105.853	23	106243718.710	18	110675874.349	22	110015626.227	28	112530230.780	4	107095585.522	27	101092000.753	24	97891213.391	11	107749472.038	17	117822531.797	1	117337389.586	12	110660146.096	13	93882808.597	3	111351262.891
DOPPLER	137322.992	9	-2092.673	8	-556.139	23	-214.809	23	-3437.397	18	3007.603	22	-3947.779	28	1794.550	4	-1538.461	27	-2837.899	24	3366.705	11	3136.873	17	4360.631	1	3166.042	12	-2578.794	13	-176.778	3	-3706.469Position	137323000	654606.420000000042	-5210216.719999999739	3608384.709999999963	291	119	17
Velocity	137323000	0.000000000000	-0.060000000000	-0.020000000000	21	119	17
