%%RANGE  1) GPS Time(ms) 2) SVID  3) Pseudorange (m)  4) SVID  5) Pseudorange ...
%%CLOCK  1) GPS Time(ms) 2) ClockBias(nsec) 3) ClkDrift(nsec/sec) 4) TimeAccuracyEstimate(nsec) 5) FreqAccuracyEstimate(ps/s)
RANGE	6
CARRIER	6
DOPPLER	6.000000Position	7000	6378137.000000000000	0.000000000000	0.000000000000	649519040	9999	0
Velocity	7000	0.000000000000	0.000000000000	0.000000000000	112	9999	0
RANGE	7
CARRIER	7
DOPPLER	7.000000000000Position	133960334	6378137.000000000000	0.000000000000	0.000000000000	649519040	9999	0
Velocity	133960334	0.000000000000	0.000000000000	0.000000000000	194	9999	0
RANGE	7
CARRIER	7
DOPPLER	7.666000000000Position	133961000	6378137.000000000000	0.000000000000	0.000000000000	649519040	9999	0
Velocity	133961000	0.000000000000	0.000000000000	0.000000000000	227	9999	0
RANGE	8
CARRIER	8
DOPPLER	8.666000000000Position	133962000	6378137.000000000000	0.000000000000	0.000000000000	649519040	9999	0
Velocity	133962000	0.000000000000	0.000000000000	0.000000000000	276	9999	0
RANGE	9
CARRIER	9
DOPPLER	9.666000000000Position	133963000	6378137.000000000000	0.000000000000	0.000000000000	649519040	9999	0
Velocity	133963000	0.000000000000	0.000000000000	0.000000000000	318	9999	0
RANGE	10
CARRIER	10
DOPPLER	10.666000000000Position	133964000	6378137.000000000000	0.000000000000	0.000000000000	649519040	9999	0
Velocity	133964000	0.000000000000	0.000000000000	0.000000000000	355	9999	0
RANGE	11
CARRIER	11
DOPPLER	11.666000000000Position	133965000	6378137.000000000000	0.000000000000	0.000000000000	649519040	9999	0
Velocity	133965000	0.000000000000	0.000000000000	0.000000000000	389	9999	0
RANGE	12
CARRIER	12
DOPPLER	12.666000000000Position	133966000	6378137.000000000000	0.000000000000	0.000000000000	649519040	9999	0
Velocity	133966000	0.000000000000	0.000000000000	0.000000000000	420	9999	0
RANGE	13
CARRIER	13
DOPPLER	13.666000000000Position	133967000	6378137.000000000000	0.000000000000	0.000000000000	649519040	9999	0
Velocity	133967000	0.000000000000	0.000000000000	0.000000000000	449	9999	0
RANGE	14
CARRIER	14
DOPPLER	14.666000000000Position	133968000	6378137.000000000000	0.000000000000	0.000000000000	649519040	9999	0
Velocity	133968000	0.000000000000	0.000000000000	0.000000000000	476	9999	0
RANGE	15
CARRIER	15
DOPPLER	15.666000000000Position	133969000	6378137.000000000000	0.000000000000	0.000000000000	649519040	9999	0
Velocity	133969000	0.000000000000	0.000000000000	0.000000000000	501	9999	0
RANGE	16
CARRIER	16
DOPPLER	16.666000000000Position	133970000	6378137.000000000000	0.000000000000	0.000000000000	649519040	9999	0
Velocity	133970000	0.000000000000	0.000000000000	0.000000000000	526	9999	0
RANGE	17
CARRIER	17
DOPPLER	17.666000000000Position	133971000	6378137.000000000000	0.000000000000	0.000000000000	649519040	9999	0
Velocity	133971000	0.000000000000	0.000000000000	0.000000000000	549	9999	0
RANGE	18
CARRIER	18
DOPPLER	18.666000000000Position	133972000	6378137.000000000000	0.000000000000	0.000000000000	649519040	9999	0
Velocity	133972000	0.000000000000	0.000000000000	0.000000000000	571	9999	0
RANGE	19
CARRIER	19
DOPPLER	19.666000000000Position	133973000	6378137.000000000000	0.000000000000	0.000000000000	649519040	9999	0
Velocity	133973000	0.000000000000	0.000000000000	0.000000000000	593	9999	0
RANGE	20
CARRIER	20
DOPPLER	20.666000000000Position	133974000	6378137.000000000000	0.000000000000	0.000000000000	649519040	9999	0
Velocity	133974000	0.000000000000	0.000000000000	0.000000000000	613	9999	0
RANGE	21
CARRIER	21
DOPPLER	21.666000000000Position	133975000	6378137.000000000000	0.000000000000	0.000000000000	649519040	9999	0
Velocity	133975000	0.000000000000	0.000000000000	0.000000000000	634	9999	0
RANGE	22
CARRIER	22
DOPPLER	22.666000000000Position	133976000	6378137.000000000000	0.000000000000	0.000000000000	649519040	9999	0
Velocity	133976000	0.000000000000	0.000000000000	0.000000000000	653	9999	0
RANGE	23
CARRIER	23
DOPPLER	23.666000000000Position	133977000	6378137.000000000000	0.000000000000	0.000000000000	649519040	9999	0
Velocity	133977000	0.000000000000	0.000000000000	0.000000000000	672	9999	0
RANGE	24
CARRIER	24
DOPPLER	24.666000000000Position	133978000	6378137.000000000000	0.000000000000	0.000000000000	649519040	9999	0
Velocity	133978000	0.000000000000	0.000000000000	0.000000000000	690	9999	0
RANGE	25
CARRIER	25
DOPPLER	25.666000000000Position	133979000	6378137.000000000000	0.000000000000	0.000000000000	649519040	9999	0
Velocity	133979000	0.000000000000	0.000000000000	0.000000000000	708	9999	0
RANGE	26
CARRIER	26
DOPPLER	26.666000000000Position	133980000	6378137.000000000000	0.000000000000	0.000000000000	649519040	9999	0
Velocity	133980000	0.000000000000	0.000000000000	0.000000000000	726	9999	0
RANGE	27
CARRIER	27
DOPPLER	27.666000000000Position	133981000	6378137.000000000000	0.000000000000	0.000000000000	649519040	9999	0
Velocity	133981000	0.000000000000	0.000000000000	0.000000000000	743	9999	0
RANGE	133982	26	21700549.222	27	17347684.597	12	18670487.309	11	21947549.874	30	21830841.125	7	19506805.595	8	17494393.821
CARRIER	133982	26	114037155.330	27	91162697.498	12	99734326.829	11	115335152.495	30	114721843.509	7	102508954.555	8	91933659.163
DOPPLER	133982.000	26	-3509.014	27	-1446.142	12	-2471.966	11	2720.960	30	2350.949	7	2018.288	8	1102.376Position	133982000	6378137.000000000000	0.000000000000	0.000000000000	649519040	9999	0
Velocity	133982000	0.000000000000	0.000000000000	0.000000000000	759	9999	0
RANGE	133983	26	21701216.841	27	17347959.673	12	18670950.333	11	21947031.750	30	21830393.771	7	19506421.760	8	17494184.296
CARRIER	133983	26	114040664.275	27	91164143.938	12	99736799.389	11	115332431.113	30	114719492.599	7	102506935.881	8	91932557.668
DOPPLER	133983.000	26	-3509.360	27	-1446.862	12	-2473.092	11	2721.102	30	2350.431	7	2018.470	8	1099.937Position	133983000	6378137.000000000000	0.000000000000	0.000000000000	649519040	9999	0
Velocity	133983000	0.000000000000	0.000000000000	0.000000000000	775	9999	0
RANGE	133984	26	21701884.600	27	17348235.264	12	18671413.645	11	21946513.784	30	21829946.478	7	19506037.873	8	17493976.604
CARRIER	133984	26	114044173.429	27	91165591.360	12	99739272.354	11	115329709.892	30	114717141.928	7	102504917.530	8	91931456.971
DOPPLER	133984.000	26	-3508.448	27	-1447.155	12	-2472.469	11	2721.990	30	2350.935	7	2018.621	8	1100.900Position	133984000	6378137.000000000000	0.000000000000	0.000000000000	649519040	9999	0
Velocity	133984000	0.000000000000	0.000000000000	0.000000000000	791	9999	0
Ephemerides	124	27	0.000000001396984	136800.000000000000000	0.000364349689335	-0.000000000001819	0.000000000000000	0.794581844318145	0.000000004271964	0.005997520172969	5153.687873840332031	1.978574801527254	0.977442728747599	0.444870429376448	-0.000000008112838	-0.000000000407517	-0.000005001202226	0.000004852190614	291.875000000000000	-99.562500000000000	0.000000042840838	0.000000016763806	136800.000000000000000
Ephemerides	124	26	0.000000007450581	136800.000000000000000	-0.000104197766632	0.000000000012278	0.000000000000000	2.640883496334642	0.000000005004494	0.002789010293782	5153.676546096801758	0.915661040208593	0.955456812376769	0.122345680643174	-0.000000008418922	0.000000000199651	0.000003598630428	0.000002091750503	336.718750000000000	68.875000000000000	0.000000048428774	-0.000000091269612	136800.000000000000000
RANGE	133985	26	21702552.446	27	17348510.734	12	18671877.053	11	21945995.853	30	21829499.386	7	19505654.265	8	17493765.325
CARRIER	133985	26	114047682.302	27	91167039.179	12	99741745.191	11	115326988.274	30	114714790.922	7	102502899.027	8	91930356.618
DOPPLER	133985.000	26	-3508.898	27	-1448.062	12	-2472.840	11	2721.601	30	2350.698	7	2017.096	8	1100.135
CNO	133985	26	42	27	42	12	38	11	38	30	38	7	35	8	31
Position	133985011	654583.560000000056	-5210087.629999999888	3608633.540000000037	5000001	9999	0
Velocity	133985011	0.000000000000	0.000000000000	0.000000000000	805	9999	0
RANGE	133985	26	21703212.981	27	17348783.201	12	18672335.375	11	21945483.262	30	21829057.006	7	19505274.932	8	17493560.800
CARRIER	133985	26	114051151.998	27	91168471.253	12	99744190.444	11	115324295.937	30	114712465.186	7	102500902.159	8	91929268.504
DOPPLER	133985.989	26	-3508.186	27	-1448.166	12	-2472.487	11	2722.610	30	2351.543	7	2019.086	8	1099.622
CNO	133985	26	43	27	42	12	38	11	38	30	38	7	35	8	31
Ephemerides	240	30	0.000000003725290	136800.000000000000000	0.000058299861848	-0.000000000004547	0.000000000000000	-1.999110784681345	0.000000004730554	0.003515457035974	5153.728853225708008	-0.061484504046133	0.944310125639547	-3.046666280501293	-0.000000008046049	0.000000000119648	0.000004820525646	0.000009674578905	188.687500000000000	97.906250000000000	-0.000000042840838	0.000000005587935	136800.000000000000000
Ephemerides	240	11	0.000000107102096	136800.000000000000000	-0.000732610933483	0.000000000001364	0.000000000000000	-2.052297163886752	0.000000005380938	0.016916469554417	5153.643693923950195	2.606034733789335	0.905983187589672	1.773367378254579	-0.000000008214628	-0.000000000112862	-0.000003946945071	0.000009408220649	165.875000000000000	-78.062500000000000	0.000000353902578	0.000000193715096	136800.000000000000000
Position	133986000	654602.410000000033	-5210190.080000000075	3608427.149999999907	1339	204	5
Velocity	133986000	-0.010000000000	-0.010000000000	0.000000000000	26	204	5
RANGE	133986	26	21703880.722	27	17349058.758	12	18672799.132	11	21944964.990	30	21828609.521	7	19504891.437	8	17493349.705
CARRIER	133986	26	114054660.444	27	91169920.130	12	99746663.239	11	115321573.737	30	114710113.746	7	102498882.906	8	91928169.029
DOPPLER	133986.989	26	-3508.714	27	-1449.188	12	-2472.975	11	2722.366	30	2351.290	7	2018.565	8	1099.377
CNO	133986	26	42	27	41	12	39	11	37	30	38	7	36	8	31
Position	133987000	654602.380000000005	-5210190.259999999776	3608427.100000000093	913	204	5
Velocity	133987000	-0.020000000000	0.010000000000	-0.010000000000	20	204	5
RANGE	133987	26	21704548.681	27	17349334.672	12	18673262.819	11	21944446.754	30	21828161.879	7	19504507.315	8	17493143.164
CARRIER	133987	26	114058169.352	27	91171370.253	12	99749136.711	11	115318851.932	30	114707762.785	7	102496864.731	8	91927070.749
DOPPLER	133987.989	26	-3509.114	27	-1450.443	12	-2473.922	11	2721.629	30	2350.404	7	2018.231	8	1097.821
CNO	133987	26	43	27	41	12	39	11	37	30	37	7	35	8	31
Position	133988000	654602.290000000037	-5210190.360000000335	3608427.060000000056	807	204	5
Velocity	133988000	-0.010000000000	0.020000000000	-0.020000000000	22	204	5
RANGE	133988	26	21705216.693	27	17349610.638	12	18673726.881	11	21943928.360	30	21827714.159	7	19504123.253	8	17492932.278
CARRIER	133988	26	114061678.486	27	91172821.274	12	99751610.562	11	115316130.224	30	114705411.972	7	102494846.866	8	91925973.288
DOPPLER	133988.989	26	-3509.488	27	-1451.312	12	-2474.020	11	2721.491	30	2350.602	7	2017.097	8	1096.777
CNO	133988	26	43	27	41	12	39	11	37	30	37	7	35	8	31
Position	133989000	654602.160000000033	-5210190.519999999553	3608427.009999999776	732	204	5
Velocity	133989000	-0.020000000000	0.000000000000	-0.020000000000	21	204	5
RANGE	133989	26	21705884.644	27	17349887.137	12	18674190.961	11	21943410.464	30	21827266.535	7	19503738.999	8	17492722.099
CARRIER	133989	26	114065187.879	27	91174273.335	12	99754084.933	11	115313408.735	30	114703061.450	7	102492829.359	8	91924876.778
DOPPLER	133989.989	26	-3509.768	27	-1452.471	12	-2474.523	11	2721.355	30	2350.388	7	2017.192	8	1095.880
CNO	133989	26	43	27	41	12	40	11	37	30	37	7	34	8	30
Position	133990000	654602.030000000028	-5210190.599999999627	3608426.959999999963	679	204	5
Velocity	133990000	-0.020000000000	0.000000000000	-0.020000000000	21	204	5
RANGE	133990	26	21706552.917	27	17350163.941	12	18674654.910	11	21942892.358	30	21826818.858	7	19503354.832	8	17492514.912
CARRIER	133990	26	114068697.573	27	91175726.432	12	99756559.814	11	115310687.460	30	114700711.206	7	102490812.258	8	91923781.185
DOPPLER	133990.989	26	-3509.841	27	-1453.578	12	-2475.123	11	2720.840	30	2349.868	7	2017.571	8	1095.148
CNO	133990	26	43	27	41	12	40	11	38	30	37	7	35	8	31
Position	133991000	654601.849999999977	-5210190.669999999925	3608426.870000000112	632	204	5
Velocity	133991000	-0.030000000000	0.010000000000	0.000000000000	22	204	5
RANGE	133991	26	21707220.798	27	17350440.431	12	18675118.981	11	21942374.357	30	21826371.688	7	19502970.561	8	17492304.890
CARRIER	133991	26	114072207.223	27	91177180.243	12	99759034.850	11	115307966.059	30	114698360.931	7	102488795.244	8	91922686.243
DOPPLER	133991.989	26	-3509.645	27	-1454.250	12	-2475.223	11	2721.187	30	2350.264	7	2017.289	8	1095.374
CNO	133991	26	43	27	41	12	40	11	38	30	37	7	35	8	31
Position	133992000	654601.709999999963	-5210190.740000000224	3608426.819999999832	596	204	5
Velocity	133992000	-0.010000000000	0.010000000000	0.000000000000	24	204	5
RANGE	133992	26	21707888.583	27	17350717.287	12	18675583.209	11	21941856.330	30	21825924.386	7	19502586.377	8	17492094.877
CARRIER	133992	26	114075716.699	27	91178634.577	12	99761509.920	11	115305244.341	30	114696010.439	7	102486778.141	8	91921591.811
DOPPLER	133992.989	26	-3509.784	27	-1455.078	12	-2475.405	11	2721.625	30	2350.453	7	2016.275	8	1093.286
CNO	133992	26	43	27	40	12	40	11	38	30	37	7	34	8	31
Position	133993000	654601.599999999977	-5210190.780000000261	3608426.740000000224	564	204	5
Velocity	133993000	0.000000000000	0.000000000000	-0.010000000000	25	204	5
RANGE	133993	26	21708556.167	27	17350994.083	12	18676047.446	11	21941338.146	30	21825476.771	7	19502202.045	8	17491885.125
CARRIER	133993	26	114079226.059	27	91180089.567	12	99763985.072	11	115302522.490	30	114693659.857	7	102484761.012	8	91920497.877
DOPPLER	133993.989	26	-3509.484	27	-1455.639	12	-2475.426	11	2721.746	30	2350.205	7	2017.553	8	1094.086
CNO	133993	26	43	27	40	12	40	11	38	30	37	7	33	8	32
Position	133994000	654601.500000000000	-5210190.799999999814	3608426.660000000149	539	204	5
Velocity	133994000	0.000000000000	0.010000000000	-0.010000000000	25	204	5
RANGE	133994	26	21709224.083	27	17351270.904	12	18676511.578	11	21940820.023	30	21825029.103	7	19501818.314	8	17491673.454
CARRIER	133994	26	114082735.272	27	91181545.114	12	99766460.286	11	115299800.377	30	114691309.084	7	102482743.859	8	91919404.454
DOPPLER	133994.989	26	-3509.358	27	-1455.732	12	-2475.580	11	2722.286	30	2350.444	7	2017.185	8	1093.475
CNO	133994	26	43	27	40	12	40	11	38	30	37	7	33	8	33
Position	133995000	654601.390000000014	-5210190.860000000335	3608426.620000000112	518	204	5
Velocity	133995000	-0.010000000000	0.000000000000	0.000000000000	21	204	5
RANGE	133995	26	21709891.772	27	17351547.874	12	18676975.684	11	21940301.646	30	21824581.592	7	19501434.340	8	17491467.323
CARRIER	133995	26	114086244.137	27	91183001.080	12	99768935.308	11	115297077.853	30	114688957.959	7	102480726.485	8	91918311.352
DOPPLER	133995.989	26	-3508.539	27	-1455.979	12	-2474.594	11	2723.011	30	2351.481	7	2018.032	8	1093.097
CNO	133995	26	43	27	40	12	40	11	38	30	37	7	33	8	33
Position	133996000	654601.280000000028	-5210190.900000000373	3608426.580000000075	500	204	5
Velocity	133996000	0.000000000000	-0.010000000000	0.020000000000	26	204	5
RANGE	133996	26	21710559.418	27	17351825.141	12	18677439.616	11	21939783.401	30	21824134.203	7	19501050.505	8	17491260.739
CARRIER	133996	26	114089752.488	27	91184457.299	12	99771410.059	11	115294354.729	30	114686606.336	7	102478708.675	8	91917218.436
DOPPLER	133996.989	26	-3507.843	27	-1456.510	12	-2474.898	11	2723.558	30	2351.906	7	2018.216	8	1092.358
CNO	133996	26	43	27	40	12	40	11	39	30	38	7	32	8	34
Position	133997000	654601.180000000051	-5210190.919999999925	3608426.509999999776	481	204	5
Velocity	133997000	0.010000000000	-0.010000000000	0.000000000000	24	204	5
RANGE	133997	26	21711227.360	27	17352102.800	12	18677903.338	11	21939265.182	30	21823686.439	7	19500666.783	8	17491052.645
CARRIER	133997	26	114093260.728	27	91185914.103	12	99773884.832	11	115291631.409	30	114684254.590	7	102476690.939	8	91916125.987
DOPPLER	133997.989	26	-3508.526	27	-1457.449	12	-2475.387	11	2723.284	30	2351.477	7	2017.175	8	1092.340
CNO	133997	26	43	27	39	12	40	11	39	30	38	7	32	8	33
Position	133998000	654601.069999999949	-5210190.940000000410	3608426.450000000186	466	204	5
Velocity	133998000	-0.010000000000	-0.010000000000	0.000000000000	24	204	5
Ephemerides	124	8	0.000000005122274	136800.000000000000000	-0.000105996150523	-0.000000000001251	0.000000000000000	1.104231358886663	0.000000004383397	0.003448495990597	5153.588956832885742	1.969883767612165	0.969240337265871	-0.407855431869807	-0.000000008132124	-0.000000000403588	-0.000005040317774	0.000004608184099	289.937500000000000	-96.656250000000000	-0.000000024214387	0.000000027939677	136800.000000000000000
Ephemerides	124	7	0.000000108033419	136800.000000000000000	0.000169463921338	-0.000000000006253	0.000000000000000	-2.054198854983361	0.000000004390183	0.011798241408542	5153.660715103149414	-0.094630137365503	0.958718869530816	-2.520790204824228	-0.000000007772824	0.000000000203223	0.000004595145583	0.000009279698133	198.875000000000000	95.062500000000000	-0.000000093132257	0.000000128522515	136800.000000000000000
RANGE	133998	26	21711895.197	27	17352379.743	12	18678367.173	11	21938746.893	30	21823238.990	7	19500282.687	8	17490844.883	23	17788940.025
CARRIER	133998	26	114096769.558	27	91187372.276	12	99776360.412	11	115288908.600	30	114681903.411	7	102474673.858	8	91915034.813	23	93481510.543
DOPPLER	133998.989	26	-3508.958	27	-1458.581	12	-2475.934	11	2722.649	30	2350.889	7	2016.737	8	1090.619	23	-2551.189
CNO	133998	26	43	27	39	12	41	11	39	30	38	7	32	8	33	23	33
Position	133999000	654600.969999999972	-5210190.780000000261	3608426.379999999888	450	159	7
Velocity	133999000	-0.040000000000	-0.010000000000	-0.020000000000	17	159	7
RANGE	133999	26	21712562.999	27	17352656.931	12	18678831.210	11	21938228.639	30	21822791.741	7	19499898.494	8	17490636.798	23	17789427.165
CARRIER	133999	26	114100278.767	27	91188831.542	12	99778836.584	11	115286186.079	30	114679552.619	7	102472657.266	8	91913944.700	23	93484061.109
DOPPLER	133999.989	26	-3509.154	27	-1459.681	12	-2476.168	11	2722.834	30	2350.855	7	2015.559	8	1090.094	23	-2550.985
CNO	133999	26	43	27	38	12	41	11	39	30	38	7	31	8	33	23	33
Position	134000000	654600.880000000005	-5210190.639999999665	3608426.299999999814	438	159	7
Velocity	134000000	-0.020000000000	0.010000000000	-0.040000000000	22	159	7
RANGE	134000	26	21713230.810	27	17352934.381	12	18679295.516	11	21937710.420	30	21822344.003	7	19499512.111	8	17490429.105	23	17789913.066	28	22092538.288	9	17568415.865
CARRIER	134000	26	114103787.807	27	91190291.381	12	99781312.759	11	115283463.361	30	114677201.619	7	102470640.541	8	91912855.086	23	93486612.177	28	116097072.098	9	92322647.885
DOPPLER	134000.989	26	-3509.136	27	-1460.279	12	-2476.338	11	2722.139	30	2350.833	7	2017.034	8	1089.258	23	-2551.359	28	1869.144	9	-510.419
CNO	134000	26	43	27	38	12	41	11	39	30	38	7	32	8	33	23	33	28	27	9	35
Position	134001000	654600.780000000028	-5210190.540000000037	3608426.270000000019	427	159	7
Velocity	134001000	-0.010000000000	0.010000000000	-0.020000000000	24	159	7
RANGE	134001	26	21713898.534	27	17353211.770	12	18679759.744	11	21937192.480	30	21821896.448	7	19499123.224	8	17490220.950	16	19348785.943	23	17790398.985	28	22092179.250	9	17568511.396
CARRIER	134001	26	114107297.047	27	91191752.142	12	99783789.366	11	115280740.690	30	114674850.835	7	102468624.166	8	91911766.294	16	101678556.054	23	93489164.091	28	116095203.203	9	92323159.012
DOPPLER	134001.989	26	-3509.266	27	-1460.505	12	-2476.678	11	2722.859	30	2350.883	7	2016.814	8	1088.483	16	-3419.757	23	-2552.573	28	1868.907	9	-511.395
CNO	134001	26	43	27	37	12	41	11	39	30	38	7	32	8	33	16	31	23	32	28	27	9	35
Position	134002000	654600.650000000023	-5210190.459999999963	3608426.279999999795	417	159	7
Velocity	134002000	-0.010000000000	0.010000000000	-0.030000000000	24	159	7
